C51 COMPILER V9.52.0.0   MASTER_MAIN                                                       03/29/2017 09:52:00 PAGE 1   


C51 COMPILER V9.52.0.0, COMPILATION OF MODULE MASTER_MAIN
OBJECT MODULE PLACED IN master_main.OBJ
COMPILER INVOKED BY: C:\Keil\C51\BIN\C51.EXE master_main.c BROWSE DEBUG OBJECTEXTEND

line level    source

   1          #include "struct.h"
   2          #include "decodage_commande.h"
   3          #include "init_device.h"
   4          #include <c8051f020.h> 
   5          #include <intrins.h>
   6          #include <stdlib.h>
   7          #include <string.h>
   8          #include "serial_io.h"
   9          #include "CFG_Globale.h"
  10          #include "UART0_RingBuffer_lib.h"
  11          #define boolean char
  12          #define true 1
  13          #define false 0
  14          
  15          sbit BP = P3^7; 
  16          xdata char current_string[64];
  17          
  18          boolean updateString (char * s){ //renvoie 1 si la chaine est terminée (\r reçu)
  19   1              static int i = 0;
  20   1              char c;
  21   1              if((c=serInchar())!=0){
  22   2                      serOutchar(c);
  23   2                      s[i] = c;
  24   2                      i++;
  25   2                      
  26   2                      if(c == '\r')
  27   2                      {
  28   3                  s[i] = '\0';
  29   3                              i = 0;
  30   3                              serOutchar('\n');
  31   3                              return true;
  32   3                      }
  33   2              }
  34   1              return false;
  35   1      }
  36          int main(){
  37   1              char c;
  38   1              char test;
  39   1              char commande[] = "A\r";
  40   1              //char *mem = malloc(sizeof(char)*strlen(commande));
  41   1          
  42   1              init_Serial_Buffer();   
  43   1              init_device();
  44   1              //cfg_Clock_UART();
  45   1        ///cfg_UART0_mode1();
  46   1      
  47   1      
  48   1              EA = 1;                              /* allow interrupts to happen */
  49   1          serOutstring("\nBonjour\n\r>");
  50   1      
  51   1              while(1){
  52   2                              if(updateString(current_string) == true){
  53   3                                      decoder_commande(current_string);
  54   3                      current_string[0] = '\0';
  55   3                      
C51 COMPILER V9.52.0.0   MASTER_MAIN                                                       03/29/2017 09:52:00 PAGE 2   

  56   3                              }
  57   2      
  58   2              }
  59   1                      
  60   1      }
*** WARNING C280 IN LINE 37 OF master_main.c: 'c': unreferenced local variable
*** WARNING C280 IN LINE 38 OF master_main.c: 'test': unreferenced local variable
  61          
  62          
  63          
  64          
  65          
  66          


MODULE INFORMATION:   STATIC OVERLAYABLE
   CODE SIZE        =    143    ----
   CONSTANT SIZE    =     15    ----
   XDATA SIZE       =     64    ----
   PDATA SIZE       =   ----    ----
   DATA SIZE        =      2       9
   IDATA SIZE       =   ----    ----
   BIT SIZE         =   ----    ----
END OF MODULE INFORMATION.


C51 COMPILATION COMPLETE.  2 WARNING(S),  0 ERROR(S)
